<?xml version="1.0" encoding="UTF-8"?>
<!-- Generated by org.testng.reporters.JUnitReportReporter -->
<testsuite skipped="0" hostname="CTSAUS-LT-337" name="example.NewTest" tests="2" failures="0" timestamp="30 Aug 2018 04:05:54 GMT" time="22.584" errors="0">
  <testcase name="testGoogle" time="7.378" classname="example.NewTest"/>
  <testcase name="testEasy" time="15.206" classname="example.NewTest"/>
</testsuite> <!-- example.NewTest -->
